Run 1
2024-04-06 20:03:06.074 [main] INFO  org.healthetl.filters.MetaDataLogger - Start of patients_c2
2024-04-06 20:03:08.627 [main] INFO  org.healthetl.filters.MetaDataLogger - End of patients_c2
2024-04-06 20:03:10.312 [main] INFO  org.healthetl.filters.MetaDataLogger - End of patients_c2
2024-04-06 20:03:10.313 [main] INFO  org.healthetl.filters.MetaDataLogger - Start of medical_c2
2024-04-06 20:03:10.638 [main] INFO  org.healthetl.filters.MetaDataLogger - End of medical_c2
2024-04-06 20:03:10.811 [main] INFO  org.healthetl.filters.MetaDataLogger - End of medical_c2
2024-04-06 20:03:10.812 [main] INFO  org.healthetl.filters.MetaDataLogger - Start of operations_c2
2024-04-06 20:03:11.238 [main] INFO  org.healthetl.filters.MetaDataLogger - End of operations_c2
2024-04-06 20:03:11.853 [main] INFO  org.healthetl.filters.MetaDataLogger - End of operations_c2
2024-04-06 20:03:11.854 [main] INFO  org.healthetl.filters.MetaDataLogger - Start of trials_c2
2024-04-06 20:03:12.633 [main] INFO  org.healthetl.filters.MetaDataLogger - End of trials_c2
2024-04-06 20:03:13.005 [main] INFO  org.healthetl.filters.MetaDataLogger - End of trials_c2
2024-04-06 20:03:13.005 [main] INFO  org.healthetl.filters.MetaDataLogger - Start of regulatory_c2
2024-04-06 20:03:14.530 [main] INFO  org.healthetl.filters.MetaDataLogger - End of regulatory_c2
2024-04-06 20:03:15.474 [main] INFO  org.healthetl.filters.MetaDataLogger - End of regulatory_c2

Run 2
2024-04-06 20:04:44.770 [main] INFO  org.healthetl.filters.MetaDataLogger - Start of patients_c2
2024-04-06 20:04:46.859 [main] INFO  org.healthetl.filters.MetaDataLogger - End of patients_c2
2024-04-06 20:04:48.476 [main] INFO  org.healthetl.filters.MetaDataLogger - End of patients_c2
2024-04-06 20:04:48.477 [main] INFO  org.healthetl.filters.MetaDataLogger - Start of medical_c2
2024-04-06 20:04:48.828 [main] INFO  org.healthetl.filters.MetaDataLogger - End of medical_c2
2024-04-06 20:04:48.953 [main] INFO  org.healthetl.filters.MetaDataLogger - End of medical_c2
2024-04-06 20:04:48.954 [main] INFO  org.healthetl.filters.MetaDataLogger - Start of operations_c2
2024-04-06 20:04:49.413 [main] INFO  org.healthetl.filters.MetaDataLogger - End of operations_c2
2024-04-06 20:04:49.745 [main] INFO  org.healthetl.filters.MetaDataLogger - End of operations_c2
2024-04-06 20:04:49.747 [main] INFO  org.healthetl.filters.MetaDataLogger - Start of trials_c2
2024-04-06 20:04:50.196 [main] INFO  org.healthetl.filters.MetaDataLogger - End of trials_c2
2024-04-06 20:04:50.525 [main] INFO  org.healthetl.filters.MetaDataLogger - End of trials_c2
2024-04-06 20:04:50.526 [main] INFO  org.healthetl.filters.MetaDataLogger - Start of regulatory_c2
2024-04-06 20:04:52.079 [main] INFO  org.healthetl.filters.MetaDataLogger - End of regulatory_c2
2024-04-06 20:04:52.936 [main] INFO  org.healthetl.filters.MetaDataLogger - End of regulatory_c2

Run 3
2024-04-06 20:08:05.820 [main] INFO  org.healthetl.filters.MetaDataLogger - Start of patients_c2
2024-04-06 20:08:07.930 [main] INFO  org.healthetl.filters.MetaDataLogger - End of patients_c2
2024-04-06 20:08:09.618 [main] INFO  org.healthetl.filters.MetaDataLogger - End of patients_c2
2024-04-06 20:08:09.619 [main] INFO  org.healthetl.filters.MetaDataLogger - Start of medical_c2
2024-04-06 20:08:09.926 [main] INFO  org.healthetl.filters.MetaDataLogger - End of medical_c2
2024-04-06 20:08:10.068 [main] INFO  org.healthetl.filters.MetaDataLogger - End of medical_c2
2024-04-06 20:08:10.068 [main] INFO  org.healthetl.filters.MetaDataLogger - Start of operations_c2
2024-04-06 20:08:10.539 [main] INFO  org.healthetl.filters.MetaDataLogger - End of operations_c2
2024-04-06 20:08:10.857 [main] INFO  org.healthetl.filters.MetaDataLogger - End of operations_c2
2024-04-06 20:08:10.858 [main] INFO  org.healthetl.filters.MetaDataLogger - Start of trials_c2
2024-04-06 20:08:11.322 [main] INFO  org.healthetl.filters.MetaDataLogger - End of trials_c2
2024-04-06 20:08:12.051 [main] INFO  org.healthetl.filters.MetaDataLogger - End of trials_c2
2024-04-06 20:08:12.052 [main] INFO  org.healthetl.filters.MetaDataLogger - Start of regulatory_c2
2024-04-06 20:08:13.376 [main] INFO  org.healthetl.filters.MetaDataLogger - End of regulatory_c2
2024-04-06 20:08:14.548 [main] INFO  org.healthetl.filters.MetaDataLogger - End of regulatory_c2

Run 4
2024-04-06 20:08:49.929 [main] INFO  org.healthetl.filters.MetaDataLogger - Start of patients_c2
2024-04-06 20:08:52.062 [main] INFO  org.healthetl.filters.MetaDataLogger - End of patients_c2
2024-04-06 20:08:53.239 [main] INFO  org.healthetl.filters.MetaDataLogger - End of patients_c2
2024-04-06 20:08:53.240 [main] INFO  org.healthetl.filters.MetaDataLogger - Start of medical_c2
2024-04-06 20:08:53.559 [main] INFO  org.healthetl.filters.MetaDataLogger - End of medical_c2
2024-04-06 20:08:53.729 [main] INFO  org.healthetl.filters.MetaDataLogger - End of medical_c2
2024-04-06 20:08:53.730 [main] INFO  org.healthetl.filters.MetaDataLogger - Start of operations_c2
2024-04-06 20:08:54.590 [main] INFO  org.healthetl.filters.MetaDataLogger - End of operations_c2
2024-04-06 20:08:54.952 [main] INFO  org.healthetl.filters.MetaDataLogger - End of operations_c2
2024-04-06 20:08:54.954 [main] INFO  org.healthetl.filters.MetaDataLogger - Start of trials_c2
2024-04-06 20:08:55.350 [main] INFO  org.healthetl.filters.MetaDataLogger - End of trials_c2
2024-04-06 20:08:56.069 [main] INFO  org.healthetl.filters.MetaDataLogger - End of trials_c2
2024-04-06 20:08:56.069 [main] INFO  org.healthetl.filters.MetaDataLogger - Start of regulatory_c2
2024-04-06 20:08:57.886 [main] INFO  org.healthetl.filters.MetaDataLogger - End of regulatory_c2
2024-04-06 20:08:58.812 [main] INFO  org.healthetl.filters.MetaDataLogger - End of regulatory_c2

Run 5
2024-04-06 20:09:27.950 [main] INFO  org.healthetl.filters.MetaDataLogger - Start of patients_c2
2024-04-06 20:09:30.023 [main] INFO  org.healthetl.filters.MetaDataLogger - End of patients_c2
2024-04-06 20:09:31.230 [main] INFO  org.healthetl.filters.MetaDataLogger - End of patients_c2
2024-04-06 20:09:31.232 [main] INFO  org.healthetl.filters.MetaDataLogger - Start of medical_c2
2024-04-06 20:09:31.527 [main] INFO  org.healthetl.filters.MetaDataLogger - End of medical_c2
2024-04-06 20:09:31.667 [main] INFO  org.healthetl.filters.MetaDataLogger - End of medical_c2
2024-04-06 20:09:31.668 [main] INFO  org.healthetl.filters.MetaDataLogger - Start of operations_c2
2024-04-06 20:09:32.393 [main] INFO  org.healthetl.filters.MetaDataLogger - End of operations_c2
2024-04-06 20:09:32.730 [main] INFO  org.healthetl.filters.MetaDataLogger - End of operations_c2
2024-04-06 20:09:32.732 [main] INFO  org.healthetl.filters.MetaDataLogger - Start of trials_c2
2024-04-06 20:09:33.093 [main] INFO  org.healthetl.filters.MetaDataLogger - End of trials_c2
2024-04-06 20:09:33.404 [main] INFO  org.healthetl.filters.MetaDataLogger - End of trials_c2
2024-04-06 20:09:33.405 [main] INFO  org.healthetl.filters.MetaDataLogger - Start of regulatory_c2
2024-04-06 20:09:35.269 [main] INFO  org.healthetl.filters.MetaDataLogger - End of regulatory_c2
2024-04-06 20:09:36.851 [main] INFO  org.healthetl.filters.MetaDataLogger - End of regulatory_c2

Run 6
2024-04-06 20:10:04.916 [main] INFO  org.healthetl.filters.MetaDataLogger - Start of patients_c2
2024-04-06 20:10:06.978 [main] INFO  org.healthetl.filters.MetaDataLogger - End of patients_c2
2024-04-06 20:10:08.020 [main] INFO  org.healthetl.filters.MetaDataLogger - End of patients_c2
2024-04-06 20:10:08.020 [main] INFO  org.healthetl.filters.MetaDataLogger - Start of medical_c2
2024-04-06 20:10:08.325 [main] INFO  org.healthetl.filters.MetaDataLogger - End of medical_c2
2024-04-06 20:10:08.444 [main] INFO  org.healthetl.filters.MetaDataLogger - End of medical_c2
2024-04-06 20:10:08.445 [main] INFO  org.healthetl.filters.MetaDataLogger - Start of operations_c2
2024-04-06 20:10:08.848 [main] INFO  org.healthetl.filters.MetaDataLogger - End of operations_c2
2024-04-06 20:10:09.208 [main] INFO  org.healthetl.filters.MetaDataLogger - End of operations_c2
2024-04-06 20:10:09.210 [main] INFO  org.healthetl.filters.MetaDataLogger - Start of trials_c2
2024-04-06 20:10:09.946 [main] INFO  org.healthetl.filters.MetaDataLogger - End of trials_c2
2024-04-06 20:10:10.677 [main] INFO  org.healthetl.filters.MetaDataLogger - End of trials_c2
2024-04-06 20:10:10.678 [main] INFO  org.healthetl.filters.MetaDataLogger - Start of regulatory_c2
2024-04-06 20:10:12.115 [main] INFO  org.healthetl.filters.MetaDataLogger - End of regulatory_c2
2024-04-06 20:10:13.268 [main] INFO  org.healthetl.filters.MetaDataLogger - End of regulatory_c2

Run 7
2024-04-06 20:10:31.636 [main] INFO  org.healthetl.filters.MetaDataLogger - Start of patients_c2
2024-04-06 20:10:34.109 [main] INFO  org.healthetl.filters.MetaDataLogger - End of patients_c2
2024-04-06 20:10:35.688 [main] INFO  org.healthetl.filters.MetaDataLogger - End of patients_c2
2024-04-06 20:10:35.689 [main] INFO  org.healthetl.filters.MetaDataLogger - Start of medical_c2
2024-04-06 20:10:35.977 [main] INFO  org.healthetl.filters.MetaDataLogger - End of medical_c2
2024-04-06 20:10:36.128 [main] INFO  org.healthetl.filters.MetaDataLogger - End of medical_c2
2024-04-06 20:10:36.129 [main] INFO  org.healthetl.filters.MetaDataLogger - Start of operations_c2
2024-04-06 20:10:36.602 [main] INFO  org.healthetl.filters.MetaDataLogger - End of operations_c2
2024-04-06 20:10:36.931 [main] INFO  org.healthetl.filters.MetaDataLogger - End of operations_c2
2024-04-06 20:10:36.932 [main] INFO  org.healthetl.filters.MetaDataLogger - Start of trials_c2
2024-04-06 20:10:37.315 [main] INFO  org.healthetl.filters.MetaDataLogger - End of trials_c2
2024-04-06 20:10:37.964 [main] INFO  org.healthetl.filters.MetaDataLogger - End of trials_c2
2024-04-06 20:10:37.965 [main] INFO  org.healthetl.filters.MetaDataLogger - Start of regulatory_c2
2024-04-06 20:10:39.738 [main] INFO  org.healthetl.filters.MetaDataLogger - End of regulatory_c2
2024-04-06 20:10:40.654 [main] INFO  org.healthetl.filters.MetaDataLogger - End of regulatory_c2

Run 8
2024-04-06 20:12:59.828 [main] INFO  org.healthetl.filters.MetaDataLogger - Start of patients_c2
2024-04-06 20:13:02.021 [main] INFO  org.healthetl.filters.MetaDataLogger - End of patients_c2
2024-04-06 20:13:03.577 [main] INFO  org.healthetl.filters.MetaDataLogger - End of patients_c2
2024-04-06 20:13:03.578 [main] INFO  org.healthetl.filters.MetaDataLogger - Start of medical_c2
2024-04-06 20:13:03.897 [main] INFO  org.healthetl.filters.MetaDataLogger - End of medical_c2
2024-04-06 20:13:04.053 [main] INFO  org.healthetl.filters.MetaDataLogger - End of medical_c2
2024-04-06 20:13:04.054 [main] INFO  org.healthetl.filters.MetaDataLogger - Start of operations_c2
2024-04-06 20:13:04.460 [main] INFO  org.healthetl.filters.MetaDataLogger - End of operations_c2
2024-04-06 20:13:05.136 [main] INFO  org.healthetl.filters.MetaDataLogger - End of operations_c2
2024-04-06 20:13:05.138 [main] INFO  org.healthetl.filters.MetaDataLogger - Start of trials_c2
2024-04-06 20:13:05.577 [main] INFO  org.healthetl.filters.MetaDataLogger - End of trials_c2
2024-04-06 20:13:05.983 [main] INFO  org.healthetl.filters.MetaDataLogger - End of trials_c2
2024-04-06 20:13:05.984 [main] INFO  org.healthetl.filters.MetaDataLogger - Start of regulatory_c2
2024-04-06 20:13:07.799 [main] INFO  org.healthetl.filters.MetaDataLogger - End of regulatory_c2
2024-04-06 20:13:09.117 [main] INFO  org.healthetl.filters.MetaDataLogger - End of regulatory_c2

Run 9
2024-04-06 20:13:20.376 [main] INFO  org.healthetl.filters.MetaDataLogger - Start of patients_c2
2024-04-06 20:13:22.572 [main] INFO  org.healthetl.filters.MetaDataLogger - End of patients_c2
2024-04-06 20:13:23.738 [main] INFO  org.healthetl.filters.MetaDataLogger - End of patients_c2
2024-04-06 20:13:23.739 [main] INFO  org.healthetl.filters.MetaDataLogger - Start of medical_c2
2024-04-06 20:13:24.089 [main] INFO  org.healthetl.filters.MetaDataLogger - End of medical_c2
2024-04-06 20:13:24.241 [main] INFO  org.healthetl.filters.MetaDataLogger - End of medical_c2
2024-04-06 20:13:24.242 [main] INFO  org.healthetl.filters.MetaDataLogger - Start of operations_c2
2024-04-06 20:13:25.041 [main] INFO  org.healthetl.filters.MetaDataLogger - End of operations_c2
2024-04-06 20:13:25.456 [main] INFO  org.healthetl.filters.MetaDataLogger - End of operations_c2
2024-04-06 20:13:25.458 [main] INFO  org.healthetl.filters.MetaDataLogger - Start of trials_c2
2024-04-06 20:13:25.875 [main] INFO  org.healthetl.filters.MetaDataLogger - End of trials_c2
2024-04-06 20:13:26.242 [main] INFO  org.healthetl.filters.MetaDataLogger - End of trials_c2
2024-04-06 20:13:26.242 [main] INFO  org.healthetl.filters.MetaDataLogger - Start of regulatory_c2
2024-04-06 20:13:28.228 [main] INFO  org.healthetl.filters.MetaDataLogger - End of regulatory_c2
2024-04-06 20:13:29.418 [main] INFO  org.healthetl.filters.MetaDataLogger - End of regulatory_c2

Run 10
2024-04-06 20:13:45.309 [main] INFO  org.healthetl.filters.MetaDataLogger - Start of patients_c2
2024-04-06 20:13:47.532 [main] INFO  org.healthetl.filters.MetaDataLogger - End of patients_c2
2024-04-06 20:13:48.676 [main] INFO  org.healthetl.filters.MetaDataLogger - End of patients_c2
2024-04-06 20:13:48.677 [main] INFO  org.healthetl.filters.MetaDataLogger - Start of medical_c2
2024-04-06 20:13:48.987 [main] INFO  org.healthetl.filters.MetaDataLogger - End of medical_c2
2024-04-06 20:13:49.147 [main] INFO  org.healthetl.filters.MetaDataLogger - End of medical_c2
2024-04-06 20:13:49.149 [main] INFO  org.healthetl.filters.MetaDataLogger - Start of operations_c2
2024-04-06 20:13:49.591 [main] INFO  org.healthetl.filters.MetaDataLogger - End of operations_c2
2024-04-06 20:13:49.975 [main] INFO  org.healthetl.filters.MetaDataLogger - End of operations_c2
2024-04-06 20:13:49.977 [main] INFO  org.healthetl.filters.MetaDataLogger - Start of trials_c2
2024-04-06 20:13:50.397 [main] INFO  org.healthetl.filters.MetaDataLogger - End of trials_c2
2024-04-06 20:13:50.771 [main] INFO  org.healthetl.filters.MetaDataLogger - End of trials_c2
2024-04-06 20:13:50.772 [main] INFO  org.healthetl.filters.MetaDataLogger - Start of regulatory_c2
2024-04-06 20:13:52.577 [main] INFO  org.healthetl.filters.MetaDataLogger - End of regulatory_c2
2024-04-06 20:13:53.822 [main] INFO  org.healthetl.filters.MetaDataLogger - End of regulatory_c2
